<?xml version="1.0" encoding="UTF-8"?>
<!-- Generated by org.testng.reporters.JUnitReportReporter -->
<testsuite hostname="LAPTOP-9IH8EFD5" failures="0" tests="1" name="weatheraCheck.validatingJsonData" time="3.590" errors="0" timestamp="2022-10-26T15:31:43 IST" skipped="0">
  <testcase classname="weatheraCheck.validatingJsonData" name="test1" time="3.590"/>
  <system-out/>
</testsuite> <!-- weatheraCheck.validatingJsonData -->
