<?xml version="1.0" encoding="UTF-8"?>
<!-- Generated by org.testng.reporters.JUnitReportReporter -->
<testsuite hostname="LAPTOP-9IH8EFD5" failures="0" tests="4" name="weatheraCheck.forDp" time="0.005" errors="0" timestamp="2022-10-26T14:21:40 IST" skipped="0">
  <testcase classname="weatheraCheck.forDp" name="f" time="0.000"/>
  <system-out/>
  <testcase classname="weatheraCheck.forDp" name="f" time="0.000"/>
  <system-out/>
  <testcase classname="weatheraCheck.forDp" name="f" time="0.001"/>
  <system-out/>
  <testcase classname="weatheraCheck.forDp" name="f" time="0.004"/>
  <system-out/>
</testsuite> <!-- weatheraCheck.forDp -->
