<?xml version="1.0" encoding="UTF-8"?>
<!-- Generated by org.testng.reporters.JUnitReportReporter -->
<testsuite hostname="LAPTOP-9IH8EFD5" failures="0" tests="4" name="weatheraCheck.putOperation" time="8.635" errors="0" timestamp="2022-10-26T15:43:07 IST" skipped="0">
  <testcase classname="weatheraCheck.putOperation" name="test1" time="3.831"/>
  <system-out/>
  <testcase classname="weatheraCheck.putOperation" name="test1" time="1.720"/>
  <system-out/>
  <testcase classname="weatheraCheck.putOperation" name="test1" time="1.574"/>
  <system-out/>
  <testcase classname="weatheraCheck.putOperation" name="test1" time="1.510"/>
  <system-out/>
</testsuite> <!-- weatheraCheck.putOperation -->
