<?xml version="1.0" encoding="UTF-8"?>
<!-- Generated by org.testng.reporters.JUnitReportReporter -->
<testsuite hostname="LAPTOP-9IH8EFD5" failures="0" tests="1" name="weatheraCheck.GetCode2" time="3.276" errors="0" timestamp="2022-10-26T08:38:52 IST" skipped="0">
  <testcase classname="weatheraCheck.GetCode2" name="test1" time="3.276"/>
  <system-out/>
</testsuite> <!-- weatheraCheck.GetCode2 -->
