<?xml version="1.0" encoding="UTF-8"?>
<!-- Generated by org.testng.reporters.JUnitReportReporter -->
<testsuite hostname="LAPTOP-9IH8EFD5" failures="0" tests="1" name="weatheraCheck.PostRequest" time="2.693" errors="0" timestamp="2022-10-25T21:27:22 IST" skipped="0">
  <testcase classname="weatheraCheck.PostRequest" name="test1" time="2.693"/>
  <system-out/>
</testsuite> <!-- weatheraCheck.PostRequest -->
