<?xml version="1.0" encoding="UTF-8"?>
<!-- Generated by org.testng.reporters.JUnitReportReporter -->
<testsuite hostname="LAPTOP-9IH8EFD5" failures="0" tests="1" name="weatheraCheck.weatherApi" time="2.038" errors="0" timestamp="2022-10-25T21:25:18 IST" skipped="0">
  <testcase classname="weatheraCheck.weatherApi" name="test1" time="2.038"/>
  <system-out/>
</testsuite> <!-- weatheraCheck.weatherApi -->
